nohup: ignoring input
Starting link audit...
Analyzing asset usage...
grep: (1).webp: No such file or directory
sh: 3: cannot create : Directory nonexistent
sh: 3: cannot create : Directory nonexistent
sh: 3: cannot create : Directory nonexistent
sh: 3: cannot create : Directory nonexistent
sh: 3: cannot create : Directory nonexistent
grep: premium.txt: No such file or directory
sh: 3: cannot create : Directory nonexistent
grep: free.txt: No such file or directory
sh: 3: cannot create : Directory nonexistent
sh: 3: cannot create : Directory nonexistent
sh: 3: cannot create : Directory nonexistent
grep: premium.txt: No such file or directory
grep: free.txt: No such file or directory
sh: 3: cannot create : Directory nonexistent
sh: 3: cannot create : Directory nonexistent
grep: logo: No such file or directory
grep: no: No such file or directory
grep: background.svg: No such file or directory
grep: logo: No such file or directory
grep: no: No such file or directory
grep: background.svg: No such file or directory
sh: 3: cannot create : Directory nonexistent
sh: 3: cannot create : Directory nonexistent
grep: logo: No such file or directory
grep: no: No such file or directory
grep: background.svg: No such file or directory
grep: logo: No such file or directory
grep: no: No such file or directory
grep: background.svg: No such file or directory
grep: logo: No such file or directory
grep: no: No such file or directory
grep: background.svg: No such file or directory
grep: logo: No such file or directory
grep: with: No such file or directory
grep: background.svg: No such file or directory
grep: logo: No such file or directory
grep: no: No such file or directory
grep: background.svg: No such file or directory
sh: 3: cannot create : Directory nonexistent
grep: logo: No such file or directory
grep: with: No such file or directory
grep: background.svg: No such file or directory
sh: 3: cannot create : Directory nonexistent
sh: 3: cannot create : Directory nonexistent
sh: 3: cannot create : Directory nonexistent
sh: 3: cannot create : Directory nonexistent
sh: 3: cannot create : Directory nonexistent
sh: 3: cannot create : Directory nonexistent
sh: 3: cannot create : Directory nonexistent
grep: premium.txt: No such file or directory
grep: free.txt: No such file or directory
sh: 3: cannot create : Directory nonexistent
sh: 3: cannot create : Directory nonexistent
grep: logo: No such file or directory
grep: with: No such file or directory
grep: background.png: No such file or directory
sh: 3: cannot create : Directory nonexistent
grep: logo: No such file or directory
grep: no: No such file or directory
grep: background.png: No such file or directory
grep: logo: No such file or directory
grep: no: No such file or directory
grep: background.png: No such file or directory
grep: logo: No such file or directory
grep: no: No such file or directory
grep: background.png: No such file or directory
sh: 3: cannot create : Directory nonexistent
grep: logo: No such file or directory
grep: no: No such file or directory
grep: background.png: No such file or directory
grep: logo: No such file or directory
grep: no: No such file or directory
grep: background.png: No such file or directory
grep: logo: No such file or directory
grep: no: No such file or directory
grep: background.png: No such file or directory
grep: logo: No such file or directory
grep: with: No such file or directory
grep: background.png: No such file or directory
sh: 3: cannot create : Directory nonexistent
sh: 3: cannot create : Directory nonexistent
sh: 3: cannot create : Directory nonexistent
sh: 3: cannot create : Directory nonexistent
grep: Art_Futuristic_3840x2160.webm: No such file or directory
sh: 3: cannot create : Directory nonexistent
sh: 3: cannot create : Directory nonexistent
